        FishCheck Change Log
        ===================

Version 1.0.3 -- June 16, 2020
------------------------------
- Chg: APIs in their own classes
- Enh: Catches out of range coordinates
- NEW: Getters for individual data in SwellCheck
- NEW: Getters for individual data in WeatherCheck

Version 1.0.2 -- May 05, 2020
------------------------------
- Enh: Pressure in inMg and pressure quality check
- Enh: Formatting changes to enhance viewing experience
- NEW: Error Code checking and write to ERROR_LOG.log
- NEW: New parameters to get location

Version 1.0.1 -- May 01, 2020
------------------------------
- Chg: set_units doesn't need a default
- Chg: set_display_amount now allows for int or string params
- Ehn: added sunrise/sunset to current weather
- Enh: Location name formatting
       
Version 1.0.0 -- April 23, 2020
-------------------------------
Initial release
